<?xml version="1.0" encoding="UTF-8"?>
<!-- Generated by org.testng.reporters.JUnitXMLReporter -->
<testsuite ignored="12" hostname="LAPTOP-UGCUSIMS" failures="3" tests="4" name="Test" time="49.854" errors="0" timestamp="2025-07-23T07:20:21 IST">
  <testcase classname="testcases.CreateCampaign" name="createcampaign" time="5.571">
    <failure type="java.lang.AssertionError" message="expected [Campaign ShubhamGKP6210 Successfully Added] but found [Campaign ShubhamGKP Successfully Added]">
      <![CDATA[java.lang.AssertionError: expected [Campaign ShubhamGKP6210 Successfully Added] but found [Campaign ShubhamGKP Successfully Added]
at testcases.CreateCampaign.createcampaign(CreateCampaign.java:71)
at java.base/java.util.ArrayList.forEach(ArrayList.java:1596)
... Removed 31 stack frames]]>
    </failure>
  </testcase> <!-- createcampaign -->
  <testcase classname="testcases.CreateProduct" name="createProduct" time="5.899"/>
  <testcase classname="testcases.CreateCampaignWithStatus" name="createCampaignWithStatus" time="5.032">
    <failure type="java.lang.AssertionError" message="expected [Campaign ShubhamGKP7490 Successfully Added] but found [Campaign ShubhamGKP Successfully Added]">
      <![CDATA[java.lang.AssertionError: expected [Campaign ShubhamGKP7490 Successfully Added] but found [Campaign ShubhamGKP Successfully Added]
at testcases.CreateCampaignWithStatus.createCampaignWithStatus(CreateCampaignWithStatus.java:73)
at java.base/java.util.ArrayList.forEach(ArrayList.java:1596)
... Removed 31 stack frames]]>
    </failure>
  </testcase> <!-- createCampaignWithStatus -->
  <testcase classname="testcases.createDate" name="CreateDate" time="5.176">
    <failure type="java.lang.AssertionError" message="expected [Campaign ShubhamGKP5859 Successfully Added] but found [Campaign ShubhamGKP Successfully Added]">
      <![CDATA[java.lang.AssertionError: expected [Campaign ShubhamGKP5859 Successfully Added] but found [Campaign ShubhamGKP Successfully Added]
at testcases.createDate.CreateDate(createDate.java:74)
at java.base/java.util.ArrayList.forEach(ArrayList.java:1596)
... Removed 31 stack frames]]>
    </failure>
  </testcase> <!-- CreateDate -->
  <testcase classname="BaseClass.BaseClass" name="@BeforeSuite beforesuite" time="0.0">
    <ignored/>
  </testcase> <!-- @BeforeSuite beforesuite -->
  <testcase classname="BaseClass.BaseClass" name="@BeforeTest beforetest" time="0.0">
    <ignored/>
  </testcase> <!-- @BeforeTest beforetest -->
  <testcase classname="BaseClass.BaseClass" name="@AfterSuite aftersuite" time="0.0">
    <ignored/>
  </testcase> <!-- @AfterSuite aftersuite -->
  <testcase classname="BaseClass.BaseClass" name="@AfterSuite aftersuite" time="0.0">
    <ignored/>
  </testcase> <!-- @AfterSuite aftersuite -->
  <testcase classname="BaseClass.BaseClass" name="@BeforeTest beforetest" time="0.0">
    <ignored/>
  </testcase> <!-- @BeforeTest beforetest -->
  <testcase classname="BaseClass.BaseClass" name="@BeforeSuite beforesuite" time="0.0">
    <ignored/>
  </testcase> <!-- @BeforeSuite beforesuite -->
  <testcase classname="BaseClass.BaseClass" name="@AfterTest aftertest" time="0.0">
    <ignored/>
  </testcase> <!-- @AfterTest aftertest -->
  <testcase classname="BaseClass.BaseClass" name="@AfterTest aftertest" time="0.0">
    <ignored/>
  </testcase> <!-- @AfterTest aftertest -->
  <testcase classname="BaseClass.BaseClass" name="@BeforeSuite beforesuite" time="0.0">
    <ignored/>
  </testcase> <!-- @BeforeSuite beforesuite -->
  <testcase classname="BaseClass.BaseClass" name="@AfterTest aftertest" time="0.0">
    <ignored/>
  </testcase> <!-- @AfterTest aftertest -->
  <testcase classname="BaseClass.BaseClass" name="@BeforeTest beforetest" time="0.0">
    <ignored/>
  </testcase> <!-- @BeforeTest beforetest -->
  <testcase classname="BaseClass.BaseClass" name="@AfterSuite aftersuite" time="0.0">
    <ignored/>
  </testcase> <!-- @AfterSuite aftersuite -->
</testsuite> <!-- Test -->
