<?xml version="1.0" encoding="UTF-8"?>
<testng-results ignored="0" total="1" passed="1" failed="0" skipped="0">
  <reporter-output>
    <line>
      <![CDATA[report configuration]]>
    </line>
    <line>
      <![CDATA[DB Connectivity open]]>
    </line>
    <line>
      <![CDATA[preconditions]]>
    </line>
  </reporter-output>
  <suite started-at="2025-07-26T07:26:35 IST" name="Default suite" finished-at="2025-07-26T07:26:48 IST" duration-ms="12509">
    <groups>
      <group name="Smoke">
        <method signature="createDateTest.CreateDate()[pri:0, instance:testcases.createDateTest@6a78afa0]" name="CreateDate" class="testcases.createDateTest"/>
      </group> <!-- Smoke -->
    </groups>
    <test started-at="2025-07-26T07:26:35 IST" name="Default test" finished-at="2025-07-26T07:26:48 IST" duration-ms="12509">
      <class name="testcases.createDateTest">
        <test-method is-config="true" signature="beforesuite()[pri:0, instance:testcases.createDateTest@6a78afa0]" started-at="2025-07-26T07:26:35 IST" name="beforesuite" finished-at="2025-07-26T07:26:35 IST" duration-ms="17" status="PASS">
          <reporter-output>
            <line>
              <![CDATA[DB Connectivity open]]>
            </line>
          </reporter-output>
        </test-method> <!-- beforesuite -->
        <test-method is-config="true" signature="beforetest()[pri:0, instance:testcases.createDateTest@6a78afa0]" started-at="2025-07-26T07:26:35 IST" name="beforetest" finished-at="2025-07-26T07:26:35 IST" duration-ms="2" status="PASS">
          <reporter-output>
            <line>
              <![CDATA[preconditions]]>
            </line>
          </reporter-output>
        </test-method> <!-- beforetest -->
        <test-method is-config="true" signature="beforeclass()[pri:0, instance:testcases.createDateTest@6a78afa0]" started-at="2025-07-26T07:26:35 IST" name="beforeclass" finished-at="2025-07-26T07:26:38 IST" duration-ms="2777" status="PASS">
          <reporter-output>
          </reporter-output>
        </test-method> <!-- beforeclass -->
        <test-method is-config="true" signature="beforemethod()[pri:0, instance:testcases.createDateTest@6a78afa0]" started-at="2025-07-26T07:26:38 IST" name="beforemethod" finished-at="2025-07-26T07:26:40 IST" duration-ms="1915" status="PASS">
          <reporter-output>
          </reporter-output>
        </test-method> <!-- beforemethod -->
        <test-method signature="CreateDate()[pri:0, instance:testcases.createDateTest@6a78afa0]" started-at="2025-07-26T07:26:40 IST" name="CreateDate" finished-at="2025-07-26T07:26:46 IST" duration-ms="5916" status="PASS">
          <reporter-output>
          </reporter-output>
        </test-method> <!-- CreateDate -->
        <test-method is-config="true" signature="aftermethod()[pri:0, instance:testcases.createDateTest@6a78afa0]" started-at="2025-07-26T07:26:46 IST" name="aftermethod" finished-at="2025-07-26T07:26:47 IST" duration-ms="1199" status="PASS">
          <reporter-output>
          </reporter-output>
        </test-method> <!-- aftermethod -->
        <test-method is-config="true" signature="afterclass()[pri:0, instance:testcases.createDateTest@6a78afa0]" started-at="2025-07-26T07:26:47 IST" name="afterclass" finished-at="2025-07-26T07:26:48 IST" duration-ms="595" status="PASS">
          <reporter-output>
          </reporter-output>
        </test-method> <!-- afterclass -->
        <test-method is-config="true" signature="aftertest()[pri:0, instance:testcases.createDateTest@6a78afa0]" started-at="2025-07-26T07:26:48 IST" name="aftertest" finished-at="2025-07-26T07:26:48 IST" duration-ms="1" status="PASS">
          <reporter-output>
          </reporter-output>
        </test-method> <!-- aftertest -->
        <test-method is-config="true" signature="aftersuite()[pri:0, instance:testcases.createDateTest@6a78afa0]" started-at="2025-07-26T07:26:48 IST" name="aftersuite" finished-at="2025-07-26T07:26:48 IST" duration-ms="1" status="PASS">
          <reporter-output>
          </reporter-output>
        </test-method> <!-- aftersuite -->
      </class> <!-- testcases.createDateTest -->
    </test> <!-- Default test -->
  </suite> <!-- Default suite -->
</testng-results>
