<?xml version="1.0" encoding="UTF-8"?>
<!-- Generated by org.testng.reporters.JUnitReportReporter -->
<testsuite hostname="LAPTOP-UGCUSIMS" failures="0" tests="1" name="testcases.CreateProduct" time="12.251" errors="0" timestamp="2025-07-23T07:20:21 IST" skipped="0">
  <testcase classname="testcases.CreateProduct" name="createProduct" time="12.251"/>
  <system-out>
    <![CDATA[DB Connectivity open
preconditions
===createcampaignFAILURE===
===createCampaignWithStatusFAILURE===
===CreateDateFAILURE===]]>
  </system-out>
</testsuite> <!-- testcases.CreateProduct -->
