<?xml version="1.0" encoding="UTF-8"?>
<!-- Generated by org.testng.reporters.JUnitReportReporter -->
<testsuite hostname="LAPTOP-UGCUSIMS" failures="0" tests="1" name="testcases.createDateTest" time="9.030" errors="0" timestamp="2025-07-26T07:26:48 IST" skipped="0">
  <testcase classname="testcases.createDateTest" name="CreateDate" time="9.030"/>
  <system-out>
    <![CDATA[report configuration
DB Connectivity open
preconditions]]>
  </system-out>
</testsuite> <!-- testcases.createDateTest -->
